<?xml version="1.0" encoding="UTF-8"?>
<!-- Generated by org.testng.reporters.JUnitReportReporter -->
<testsuite hostname="DESKTOP-7APVUQ4" failures="0" tests="1" name="trello.BackupForTrelloTCExecution" time="57.279" errors="0" timestamp="2023-01-13T10:27:31 IST" skipped="0">
  <testcase classname="trello.BackupForTrelloTCExecution" name="moveLoadedListToAnotherBoard" time="57.279"/>
  <system-out>
    <![CDATA[Trello login to continue page is displayed and verified upon title.
Trello board page is displayed and verified upon title.
Trello board page is displayed and verified upon url contains email reference.
Created board page is displayed and verified upon url contains boardname.
Created board page is displayed and verified upon boardname.
2 lists successfully created and varified upon count
Cards name created
sql
java
api
manual
Board is succefully deleted and varified on popup displayed
List moved sucessfully
Board is succefully deleted and varified on popup displayed]]>
  </system-out>
</testsuite> <!-- trello.BackupForTrelloTCExecution -->
