<?xml version="1.0" encoding="UTF-8"?>
<!-- Generated by org.testng.reporters.JUnitReportReporter -->
<testsuite hostname="DESKTOP-7APVUQ4" failures="0" tests="11" name="trello.TrelloTestCaseExecution" time="451.483" errors="1" timestamp="2023-01-17T20:11:33 IST" skipped="2">
  <testcase classname="trello.TrelloTestCaseExecution" name="moveLoadedListToAnotherBoard" time="57.358"/>
  <system-out>
    <![CDATA[Trello login to continue page is displayed and verified upon title.
Trello board page is displayed and verified upon title.
Trello board page is displayed and verified upon url contains email reference.
Created board page is displayed and verified upon url contains boardname.
Created board page is displayed and verified upon boardname.
list successfully created and varified
Cards created in List : Fully loaded
sql
java
api
manual
Board is succefully deleted and varified on popup displayed
List moved sucessfully: Fully loaded list cotains card
Board is succefully deleted and varified on popup displayed
LogOut option is Displayed
Log out of your Atlassian account page is displayed and verified upon url contains email reference.
Log out of your Atlassian account is successfull and verified upon homepage URL]]>
  </system-out>
  <testcase classname="trello.TrelloTestCaseExecution" name="sortCardsAlpabetically" time="61.043"/>
  <system-out>
    <![CDATA[Trello login to continue page is displayed and verified upon title.
Trello board page is displayed and verified upon title.
Trello board page is displayed and verified upon url contains email reference.
Created board page is displayed and verified upon url contains boardname.
Created board page is displayed and verified upon boardname.
list successfully created and varified
Cards before sorting
sql
java
api
manual
Card name After sorting
api
java
manual
sql
Board is succefully deleted and varified on popup displayed
LogOut option is Displayed
Log out of your Atlassian account page is displayed and verified upon url contains email reference.
Log out of your Atlassian account is successfull and verified upon homepage URL]]>
  </system-out>
  <testcase classname="trello.TrelloTestCaseExecution" name="getCountOfCardAndList" time="52.907"/>
  <system-out>
    <![CDATA[Trello login to continue page is displayed and verified upon title.
Trello board page is displayed and verified upon title.
Trello board page is displayed and verified upon url contains email reference.
Created board page is displayed and verified upon url contains boardname.
Created board page is displayed and verified upon boardname.
2 lists successfully created and varified upon count
Cards in list
sql
java
api
manual
Count of created lists in Board : 2
Ccount of cards created in list : 4
Board is succefully deleted and varified on popup displayed
LogOut option is Displayed
Log out of your Atlassian account page is displayed and verified upon url contains email reference.
Log out of your Atlassian account is successfull and verified upon homepage URL]]>
  </system-out>
  <testcase classname="trello.TrelloTestCaseExecution" name="createAndDeleteBoard" time="35.457">
    <skipped/>
  </testcase> <!-- createAndDeleteBoard -->
  <system-out>
    <![CDATA[Trello login to continue page is displayed and verified upon title.
Trello board page is displayed and verified upon title.
Trello board page is displayed and verified upon url contains email reference.
Created board page is displayed and verified upon url contains boardname.]]>
  </system-out>
  <testcase classname="trello.TrelloTestCaseExecution" name="createAndDeleteBoard" time="49.634"/>
  <system-out>
    <![CDATA[Trello login to continue page is displayed and verified upon title.
Trello board page is displayed and verified upon title.
Trello board page is displayed and verified upon url contains email reference.
Created board page is displayed and verified upon url contains boardname.
Created board page is displayed and verified upon boardname.
Board is succefully deleted and varified on popup displayed
LogOut option is Displayed
Log out of your Atlassian account page is displayed and verified upon url contains email reference.
Log out of your Atlassian account is successfull and verified upon homepage URL]]>
  </system-out>
  <testcase classname="trello.TrelloTestCaseExecution" name="create2ListsInBoard" time="48.577">
    <skipped/>
  </testcase> <!-- create2ListsInBoard -->
  <system-out>
    <![CDATA[Trello login to continue page is displayed and verified upon title.
Trello board page is displayed and verified upon title.
Trello board page is displayed and verified upon url contains email reference.
Created board page is displayed and verified upon url contains boardname.
Created board page is displayed and verified upon boardname.
2 lists successfully created and varified upon count]]>
  </system-out>
  <testcase classname="trello.TrelloTestCaseExecution" name="create2ListsInBoard" time="38.758">
    <error message="stale element reference: element is not attached to the page document
  (Session info: chrome=108.0.5359.126)
For documentation on this error, please visit: https://selenium.dev/exceptions/#stale_element_reference
Build info: version: &#039;4.7.2&#039;, revision: &#039;4d4020c3b7&#039;
System info: os.name: &#039;Windows 10&#039;, os.arch: &#039;amd64&#039;, os.version: &#039;10.0&#039;, java.version: &#039;19.0.1&#039;
Driver info: org.openqa.selenium.chrome.ChromeDriver
Command: [75bb5effa7eae911e5594aeb7a328baa, isElementDisplayed {id=4e439a08-24cb-44b0-b6c3-641ab8d6fe6f}]
Capabilities {acceptInsecureCerts: false, browserName: chrome, browserVersion: 108.0.5359.126, chrome: {chromedriverVersion: 108.0.5359.71 (1e0e3868ee06..., userDataDir: C:\Users\Admin\AppData\Loca...}, goog:chromeOptions: {debuggerAddress: localhost:64210}, networkConnectionEnabled: false, pageLoadStrategy: normal, platformName: WINDOWS, proxy: Proxy(), se:cdp: ws://localhost:64210/devtoo..., se:cdpVersion: 108.0.5359.126, setWindowRect: true, strictFileInteractability: false, timeouts: {implicit: 0, pageLoad: 300000, script: 30000}, unhandledPromptBehavior: dismiss and notify, webauthn:extension:credBlob: true, webauthn:extension:largeBlob: true, webauthn:virtualAuthenticators: true}
Element: [[ChromeDriver: chrome on WINDOWS (75bb5effa7eae911e5594aeb7a328baa)] -&gt; xpath: //input[contains(@class,&#039;js-confirm&#039;)]]
Session ID: 75bb5effa7eae911e5594aeb7a328baa" type="org.openqa.selenium.StaleElementReferenceException">
      <![CDATA[org.openqa.selenium.StaleElementReferenceException: stale element reference: element is not attached to the page document
  (Session info: chrome=108.0.5359.126)
For documentation on this error, please visit: https://selenium.dev/exceptions/#stale_element_reference
Build info: version: '4.7.2', revision: '4d4020c3b7'
System info: os.name: 'Windows 10', os.arch: 'amd64', os.version: '10.0', java.version: '19.0.1'
Driver info: org.openqa.selenium.chrome.ChromeDriver
Command: [75bb5effa7eae911e5594aeb7a328baa, isElementDisplayed {id=4e439a08-24cb-44b0-b6c3-641ab8d6fe6f}]
Capabilities {acceptInsecureCerts: false, browserName: chrome, browserVersion: 108.0.5359.126, chrome: {chromedriverVersion: 108.0.5359.71 (1e0e3868ee06..., userDataDir: C:\Users\Admin\AppData\Loca...}, goog:chromeOptions: {debuggerAddress: localhost:64210}, networkConnectionEnabled: false, pageLoadStrategy: normal, platformName: WINDOWS, proxy: Proxy(), se:cdp: ws://localhost:64210/devtoo..., se:cdpVersion: 108.0.5359.126, setWindowRect: true, strictFileInteractability: false, timeouts: {implicit: 0, pageLoad: 300000, script: 30000}, unhandledPromptBehavior: dismiss and notify, webauthn:extension:credBlob: true, webauthn:extension:largeBlob: true, webauthn:virtualAuthenticators: true}
Element: [[ChromeDriver: chrome on WINDOWS (75bb5effa7eae911e5594aeb7a328baa)] -> xpath: //input[contains(@class,'js-confirm')]]
Session ID: 75bb5effa7eae911e5594aeb7a328baa
at java.base/jdk.internal.reflect.DirectConstructorHandleAccessor.newInstance(DirectConstructorHandleAccessor.java:67)
at java.base/java.lang.reflect.Constructor.newInstanceWithCaller(Constructor.java:500)
at java.base/java.lang.reflect.Constructor.newInstance(Constructor.java:484)
at org.openqa.selenium.remote.codec.w3c.W3CHttpResponseCodec.createException(W3CHttpResponseCodec.java:200)
at org.openqa.selenium.remote.codec.w3c.W3CHttpResponseCodec.decode(W3CHttpResponseCodec.java:133)
at org.openqa.selenium.remote.codec.w3c.W3CHttpResponseCodec.decode(W3CHttpResponseCodec.java:53)
at org.openqa.selenium.remote.HttpCommandExecutor.execute(HttpCommandExecutor.java:184)
at org.openqa.selenium.remote.service.DriverCommandExecutor.invokeExecute(DriverCommandExecutor.java:167)
at org.openqa.selenium.remote.service.DriverCommandExecutor.execute(DriverCommandExecutor.java:142)
at org.openqa.selenium.remote.RemoteWebDriver.execute(RemoteWebDriver.java:535)
at org.openqa.selenium.remote.RemoteWebElement.execute(RemoteWebElement.java:257)
at org.openqa.selenium.remote.RemoteWebElement.isDisplayed(RemoteWebElement.java:313)
at java.base/jdk.internal.reflect.DirectMethodHandleAccessor.invoke(DirectMethodHandleAccessor.java:104)
at java.base/java.lang.reflect.Method.invoke(Method.java:578)
at org.openqa.selenium.support.pagefactory.internal.LocatingElementHandler.invoke(LocatingElementHandler.java:52)
at jdk.proxy2/jdk.proxy2.$Proxy16.isDisplayed(Unknown Source)
at org.openqa.selenium.support.ui.ExpectedConditions.elementIfVisible(ExpectedConditions.java:307)
at org.openqa.selenium.support.ui.ExpectedConditions.access$000(ExpectedConditions.java:40)
at org.openqa.selenium.support.ui.ExpectedConditions$10.apply(ExpectedConditions.java:293)
at org.openqa.selenium.support.ui.ExpectedConditions$10.apply(ExpectedConditions.java:290)
at org.openqa.selenium.support.ui.ExpectedConditions$23.apply(ExpectedConditions.java:660)
at org.openqa.selenium.support.ui.ExpectedConditions$23.apply(ExpectedConditions.java:656)
at org.openqa.selenium.support.ui.FluentWait.until(FluentWait.java:208)
at com.qspider.atlassian.genericutility.WebElementUtility.clickOnVisibleElement(WebElementUtility.java:23)
at trello.TrelloTestCaseExecution.deleteBoard(TrelloTestCaseExecution.java:144)
at trello.TrelloTestCaseExecution.create2ListsInBoard(TrelloTestCaseExecution.java:210)
at java.base/jdk.internal.reflect.DirectMethodHandleAccessor.invoke(DirectMethodHandleAccessor.java:104)
at java.base/java.lang.reflect.Method.invoke(Method.java:578)
at org.testng.internal.invokers.MethodInvocationHelper.invokeMethod(MethodInvocationHelper.java:139)
at org.testng.internal.invokers.TestInvoker.invokeMethod(TestInvoker.java:677)
at org.testng.internal.invokers.TestInvoker.retryFailed(TestInvoker.java:263)
at org.testng.internal.invokers.MethodRunner.runInSequence(MethodRunner.java:62)
at org.testng.internal.invokers.TestInvoker$MethodInvocationAgent.invoke(TestInvoker.java:969)
at org.testng.internal.invokers.TestInvoker.invokeTestMethods(TestInvoker.java:194)
at org.testng.internal.invokers.TestMethodWorker.invokeTestMethods(TestMethodWorker.java:148)
at org.testng.internal.invokers.TestMethodWorker.run(TestMethodWorker.java:128)
at java.base/java.util.ArrayList.forEach(ArrayList.java:1511)
at org.testng.TestRunner.privateRun(TestRunner.java:829)
at org.testng.TestRunner.run(TestRunner.java:602)
at org.testng.SuiteRunner.runTest(SuiteRunner.java:437)
at org.testng.SuiteRunner.runSequentially(SuiteRunner.java:431)
at org.testng.SuiteRunner.privateRun(SuiteRunner.java:391)
at org.testng.SuiteRunner.run(SuiteRunner.java:330)
at org.testng.SuiteRunnerWorker.runSuite(SuiteRunnerWorker.java:52)
at org.testng.SuiteRunnerWorker.run(SuiteRunnerWorker.java:95)
at org.testng.TestNG.runSuitesSequentially(TestNG.java:1256)
at org.testng.TestNG.runSuitesLocally(TestNG.java:1176)
at org.testng.TestNG.runSuites(TestNG.java:1099)
at org.testng.TestNG.run(TestNG.java:1067)
at org.testng.remote.AbstractRemoteTestNG.run(AbstractRemoteTestNG.java:115)
at org.testng.remote.RemoteTestNG.initAndRun(RemoteTestNG.java:251)
at org.testng.remote.RemoteTestNG.main(RemoteTestNG.java:77)
]]>
    </error>
  </testcase> <!-- create2ListsInBoard -->
  <system-out>
    <![CDATA[Trello login to continue page is displayed and verified upon title.
Trello board page is displayed and verified upon title.
Trello board page is displayed and verified upon url contains email reference.
Created board page is displayed and verified upon url contains boardname.
Created board page is displayed and verified upon boardname.
2 lists successfully created and varified upon count]]>
  </system-out>
  <testcase classname="trello.TrelloTestCaseExecution" name="swapTheList" time="46.243"/>
  <system-out>
    <![CDATA[Trello login to continue page is displayed and verified upon title.
Trello board page is displayed and verified upon title.
Trello board page is displayed and verified upon url contains email reference.
Created board page is displayed and verified upon url contains boardname.
Created board page is displayed and verified upon boardname.
2 lists successfully created and varified upon count
Order of Lists before swapping
vinay
kumar
Order of Lists after swapping
kumar
vinay
Board is succefully deleted and varified on popup displayed
LogOut option is Displayed
Log out of your Atlassian account page is displayed and verified upon url contains email reference.
Log out of your Atlassian account is successfull and verified upon homepage URL]]>
  </system-out>
  <testcase classname="trello.TrelloTestCaseExecution" name="loginToAccount" time="41.032"/>
  <system-out>
    <![CDATA[Trello login to continue page is displayed and verified upon title.
Trello board page is displayed and verified upon title.
Trello board page is displayed and verified upon url contains email reference.
LogOut option is Displayed
Log out of your Atlassian account page is displayed and verified upon url contains email reference.
Log out of your Atlassian account is successfull and verified upon homepage URL]]>
  </system-out>
  <testcase classname="trello.TrelloTestCaseExecution" name="loginpageCheck" time="12.967"/>
  <system-out>
    <![CDATA[Trello login page is displayed and verified upon title.
Trello login page is displayed and verified upon url.]]>
  </system-out>
  <testcase classname="trello.TrelloTestCaseExecution" name="homepageCheck" time="7.507"/>
  <system-out>
    <![CDATA[Trello home page is displayed and verified upon title.
Trello home page is displayed and verified upon url.]]>
  </system-out>
</testsuite> <!-- trello.TrelloTestCaseExecution -->
