<?xml version="1.0" encoding="UTF-8"?>
<!-- Generated by org.testng.reporters.JUnitReportReporter -->
<testsuite hostname="DESKTOP-7APVUQ4" failures="0" tests="10" name="trello.Trello_Test" time="408.380" errors="0" timestamp="2023-02-25T20:36:11 IST" skipped="1">
  <testcase classname="trello.Trello_Test" name="home_page_check" time="19.449"/>
  <system-out>
    <![CDATA[Trello home page is displayed and verified upon title.
Trello home page is displayed and verified upon url.]]>
  </system-out>
  <testcase classname="trello.Trello_Test" name="login_page_check" time="11.206"/>
  <system-out>
    <![CDATA[Trello login page is displayed and verified upon title.
Trello login page is displayed and verified upon url.]]>
  </system-out>
  <testcase classname="trello.Trello_Test" name="login_To_Account" time="37.066"/>
  <system-out>
    <![CDATA[Trello login to continue page is displayed and verified upon title.
Trello board page is displayed and verified upon title.
Trello board page is displayed and verified upon url contains email reference.
LogOut option is Displayed
Log out of your Atlassian account page is displayed and verified upon url contains email reference.
Log out of your Atlassian account is successfull and verified upon homepage URL]]>
  </system-out>
  <testcase classname="trello.Trello_Test" name="create_and_delete_board" time="42.757"/>
  <system-out>
    <![CDATA[Trello login to continue page is displayed and verified upon title.
Trello board page is displayed and verified upon title.
Trello board page is displayed and verified upon url contains email reference.
Created board page is displayed and verified upon url contains boardname.
Created board page is displayed and verified upon boardname.
Board is succefully deleted and varified on popup displayed
LogOut option is Displayed
Log out of your Atlassian account page is displayed and verified upon url contains email reference.
Log out of your Atlassian account is successfull and verified upon homepage URL]]>
  </system-out>
  <testcase classname="trello.Trello_Test" name="create_2_lists_in_board" time="55.665"/>
  <system-out>
    <![CDATA[Trello login to continue page is displayed and verified upon title.
Trello board page is displayed and verified upon title.
Trello board page is displayed and verified upon url contains email reference.
Created board page is displayed and verified upon url contains boardname.
Created board page is displayed and verified upon boardname.
2 lists successfully created and varified upon count
Board is succefully deleted and varified on popup displayed
LogOut option is Displayed
Log out of your Atlassian account page is displayed and verified upon url contains email reference.
Log out of your Atlassian account is successfull and verified upon homepage URL]]>
  </system-out>
  <testcase classname="trello.Trello_Test" name="swipe_2_lists" time="48.839"/>
  <system-out>
    <![CDATA[Trello login to continue page is displayed and verified upon title.
Trello board page is displayed and verified upon title.
Trello board page is displayed and verified upon url contains email reference.
Created board page is displayed and verified upon url contains boardname.
Created board page is displayed and verified upon boardname.
2 lists successfully created and varified upon count
Order of Lists before swapping
vinay
kumar
Order of Lists after swapping
kumar
vinay
Board is succefully deleted and varified on popup displayed
LogOut option is Displayed
Log out of your Atlassian account page is displayed and verified upon url contains email reference.
Log out of your Atlassian account is successfull and verified upon homepage URL]]>
  </system-out>
  <testcase classname="trello.Trello_Test" name="sort_cards_alpabetically" time="44.906"/>
  <system-out>
    <![CDATA[Trello login to continue page is displayed and verified upon title.
Trello board page is displayed and verified upon title.
Trello board page is displayed and verified upon url contains email reference.
Created board page is displayed and verified upon url contains boardname.
Created board page is displayed and verified upon boardname.
list successfully created and varified
Cards before sorting
sql
java
api
manual
Card name After sorting
api
java
manual
sql
Board is succefully deleted and varified on popup displayed
LogOut option is Displayed
Log out of your Atlassian account page is displayed and verified upon url contains email reference.
Log out of your Atlassian account is successfull and verified upon homepage URL]]>
  </system-out>
  <testcase classname="trello.Trello_Test" name="get_count_Of_lists_and_cards" time="45.652"/>
  <system-out>
    <![CDATA[Trello login to continue page is displayed and verified upon title.
Trello board page is displayed and verified upon title.
Trello board page is displayed and verified upon url contains email reference.
Created board page is displayed and verified upon url contains boardname.
Created board page is displayed and verified upon boardname.
list successfully created and varified
Cards before sorting
sql
java
api
manual
Card name After sorting
api
java
manual
sql
Count of created lists in Board : 1
Ccount of cards created in list : 4
Board is succefully deleted and varified on popup displayed
LogOut option is Displayed
Log out of your Atlassian account page is displayed and verified upon url contains email reference.
Log out of your Atlassian account is successfull and verified upon homepage URL]]>
  </system-out>
  <testcase classname="trello.Trello_Test" name="get_count_Of_lists_and_cards" time="47.881">
    <skipped/>
  </testcase> <!-- get_count_Of_lists_and_cards -->
  <system-out>
    <![CDATA[Trello login to continue page is displayed and verified upon title.
Trello board page is displayed and verified upon title.
Trello board page is displayed and verified upon url contains email reference.
Created board page is displayed and verified upon url contains boardname.
Created board page is displayed and verified upon boardname.
list successfully created and varified
Cards before sorting
sql
java
api
manual]]>
  </system-out>
  <testcase classname="trello.Trello_Test" name="move_loaded_list_to_another_board" time="54.959"/>
  <system-out>
    <![CDATA[Trello login to continue page is displayed and verified upon title.
Trello board page is displayed and verified upon title.
Trello board page is displayed and verified upon url contains email reference.
Created board page is displayed and verified upon url contains boardname.
Created board page is displayed and verified upon boardname.
Board is succefully deleted and varified on popup displayed
List moved sucessfully: Fully loaded list cotains card
sql
java
api
manual
Board is succefully deleted and varified on popup displayed
LogOut option is Displayed
Log out of your Atlassian account page is displayed and verified upon url contains email reference.
Log out of your Atlassian account is successfull and verified upon homepage URL]]>
  </system-out>
</testsuite> <!-- trello.Trello_Test -->
