<?xml version="1.0" encoding="UTF-8"?>
<!-- Generated by org.testng.reporters.JUnitReportReporter -->
<testsuite hostname="DESKTOP-7APVUQ4" failures="0" tests="1" name="trello.xyz" time="44.304" errors="0" timestamp="2023-01-12T11:16:22 IST" skipped="0">
  <testcase classname="trello.xyz" name="logout" time="44.304"/>
  <system-out>
    <![CDATA[Trello login to continue page is displayed and verified upon title.
Trello board page is displayed and verified upon title.
Trello board page is displayed and verified upon url contains email reference.
LogOut option is Displayed
Log out of your Atlassian account page is displayed and verified upon url contains email reference.
Log out of your Atlassian account is successfull and verified upon url contains email reference.]]>
  </system-out>
</testsuite> <!-- trello.xyz -->
