<?xml version="1.0" encoding="UTF-8"?>
<!-- Generated by org.testng.reporters.JUnitReportReporter -->
<testsuite hostname="DESKTOP-7APVUQ4" failures="0" tests="5" name="trello.TrelloApplication" time="29.197" errors="0" timestamp="2023-01-06T12:13:05 IST" skipped="0">
  <testcase classname="trello.TrelloApplication" name="trelloWelcomePage" time="3.271"/>
  <system-out>
    <![CDATA[Welcome page is displayed and verified upon title.]]>
  </system-out>
  <testcase classname="trello.TrelloApplication" name="loginpage" time="6.348"/>
  <system-out>
    <![CDATA[Login page is displayed and verified]]>
  </system-out>
  <testcase classname="trello.TrelloApplication" name="createBoard" time="8.854"/>
  <system-out>
    <![CDATA[Pass: Board is not Created Succesfully and varified upon url and board name]]>
  </system-out>
  <testcase classname="trello.TrelloApplication" name="deleteBoard" time="6.973"/>
  <system-out>
    <![CDATA[Pass : Board has deleted successfully and verified]]>
  </system-out>
  <testcase classname="trello.TrelloApplication" name="logout" time="3.751"/>
  <system-out>
    <![CDATA[Logged out is not Sucessfull and varified]]>
  </system-out>
</testsuite> <!-- trello.TrelloApplication -->
