<?xml version="1.0" encoding="UTF-8"?>
<!-- Generated by org.testng.reporters.JUnitReportReporter -->
<testsuite hostname="DESKTOP-7APVUQ4" failures="0" tests="1" name="trello.TrelloModule" time="3.169" errors="0" timestamp="2023-01-04T22:55:45 IST" skipped="0">
  <testcase classname="trello.TrelloModule" name="launchTheBrowser" time="3.169"/>
  <system-out/>
</testsuite> <!-- trello.TrelloModule -->
