<?xml version="1.0" encoding="UTF-8"?>
<!-- Generated by org.testng.reporters.JUnitReportReporter -->
<testsuite hostname="DESKTOP-7APVUQ4" failures="0" tests="3" name="trello.TrelloTestCaseExecutionDrink" time="78.337" errors="0" timestamp="2023-01-17T08:17:09 IST" skipped="0">
  <testcase classname="trello.TrelloTestCaseExecutionDrink" name="homepageCheck" time="38.285"/>
  <system-out>
    <![CDATA[Trello home page is displayed and verified upon title.
Trello home page is displayed and verified upon url.]]>
  </system-out>
  <testcase classname="trello.TrelloTestCaseExecutionDrink" name="loginpageCheck" time="12.850"/>
  <system-out>
    <![CDATA[Trello login page is displayed and verified upon title.
Trello login page is displayed and verified upon url.]]>
  </system-out>
  <testcase classname="trello.TrelloTestCaseExecutionDrink" name="loginToAccount" time="27.202"/>
  <system-out>
    <![CDATA[Trello login to continue page is displayed and verified upon title.
Trello board page is displayed and verified upon title.
Trello board page is displayed and verified upon url contains email reference.]]>
  </system-out>
</testsuite> <!-- trello.TrelloTestCaseExecutionDrink -->
